This file contains any messages produced by compilers while
running configure, to aid debugging if configure makes a mistake.

It was created by configure, which was
generated by GNU Autoconf 2.59.  Invocation command line was

  $ ./configure 

## --------- ##
## Platform. ##
## --------- ##

hostname = f642a35b3417
uname -m = x86_64
uname -r = 4.13.16-coreos-r2
uname -s = Linux
uname -v = #1 SMP Wed Dec 6 04:27:34 UTC 2017

/usr/bin/uname -p = x86_64
/bin/uname -X     = unknown

/bin/arch              = x86_64
/usr/bin/arch -k       = unknown
/usr/convex/getsysinfo = unknown
hostinfo               = unknown
/bin/machine           = unknown
/usr/bin/oslevel       = unknown
/bin/universe          = unknown

PATH: /usr/local/sbin
PATH: /usr/local/bin
PATH: /usr/sbin
PATH: /usr/bin
PATH: /sbin
PATH: /bin


## ----------- ##
## Core tests. ##
## ----------- ##

configure:1651: checking build system type
configure:1669: result: x86_64-unknown-linux-gnu
configure:1677: checking host system type
configure:1691: result: x86_64-unknown-linux-gnu
configure:1780: checking for gcc
configure:1796: found /usr/bin/gcc
configure:1806: result: gcc
configure:2050: checking for C compiler version
configure:2053: gcc --version </dev/null >&5
gcc (GCC) 4.8.5 20150623 (Red Hat 4.8.5-16)
Copyright (C) 2015 Free Software Foundation, Inc.
This is free software; see the source for copying conditions.  There is NO
warranty; not even for MERCHANTABILITY or FITNESS FOR A PARTICULAR PURPOSE.

configure:2056: $? = 0
configure:2058: gcc -v </dev/null >&5
Using built-in specs.
COLLECT_GCC=gcc
COLLECT_LTO_WRAPPER=/usr/libexec/gcc/x86_64-redhat-linux/4.8.5/lto-wrapper
Target: x86_64-redhat-linux
Configured with: ../configure --prefix=/usr --mandir=/usr/share/man --infodir=/usr/share/info --with-bugurl=http://bugzilla.redhat.com/bugzilla --enable-bootstrap --enable-shared --enable-threads=posix --enable-checking=release --with-system-zlib --enable-__cxa_atexit --disable-libunwind-exceptions --enable-gnu-unique-object --enable-linker-build-id --with-linker-hash-style=gnu --enable-languages=c,c++,objc,obj-c++,java,fortran,ada,go,lto --enable-plugin --enable-initfini-array --disable-libgcj --with-isl=/builddir/build/BUILD/gcc-4.8.5-20150702/obj-x86_64-redhat-linux/isl-install --with-cloog=/builddir/build/BUILD/gcc-4.8.5-20150702/obj-x86_64-redhat-linux/cloog-install --enable-gnu-indirect-function --with-tune=generic --with-arch_32=x86-64 --build=x86_64-redhat-linux
Thread model: posix
gcc version 4.8.5 20150623 (Red Hat 4.8.5-16) (GCC) 
configure:2061: $? = 0
configure:2063: gcc -V </dev/null >&5
gcc: error: unrecognized command line option '-V'
gcc: fatal error: no input files
compilation terminated.
configure:2066: $? = 4
configure:2089: checking for C compiler default output file name
configure:2092: gcc    conftest.c  >&5
configure:2095: $? = 0
configure:2141: result: a.out
configure:2146: checking whether the C compiler works
configure:2152: ./a.out
configure:2155: $? = 0
configure:2172: result: yes
configure:2179: checking whether we are cross compiling
configure:2181: result: no
configure:2184: checking for suffix of executables
configure:2186: gcc -o conftest    conftest.c  >&5
configure:2189: $? = 0
configure:2214: result: 
configure:2220: checking for suffix of object files
configure:2241: gcc -c   conftest.c >&5
configure:2244: $? = 0
configure:2266: result: o
configure:2270: checking whether we are using the GNU C compiler
configure:2294: gcc -c   conftest.c >&5
configure:2300: $? = 0
configure:2304: test -z 
			 || test ! -s conftest.err
configure:2307: $? = 0
configure:2310: test -s conftest.o
configure:2313: $? = 0
configure:2326: result: yes
configure:2332: checking whether gcc accepts -g
configure:2353: gcc -c -g  conftest.c >&5
configure:2359: $? = 0
configure:2363: test -z 
			 || test ! -s conftest.err
configure:2366: $? = 0
configure:2369: test -s conftest.o
configure:2372: $? = 0
configure:2383: result: yes
configure:2400: checking for gcc option to accept ANSI C
configure:2470: gcc  -c -g -O2  conftest.c >&5
configure:2476: $? = 0
configure:2480: test -z 
			 || test ! -s conftest.err
configure:2483: $? = 0
configure:2486: test -s conftest.o
configure:2489: $? = 0
configure:2507: result: none needed
configure:2525: gcc -c -g -O2  conftest.c >&5
conftest.c:2:3: error: unknown type name 'choke'
   choke me
   ^
conftest.c:2:3: error: expected '=', ',', ';', 'asm' or '__attribute__' at end of input
configure:2531: $? = 1
configure: failed program was:
| #ifndef __cplusplus
|   choke me
| #endif
configure:2716: checking for g++
configure:2732: found /usr/bin/g++
configure:2742: result: g++
configure:2758: checking for C++ compiler version
configure:2761: g++ --version </dev/null >&5
g++ (GCC) 4.8.5 20150623 (Red Hat 4.8.5-16)
Copyright (C) 2015 Free Software Foundation, Inc.
This is free software; see the source for copying conditions.  There is NO
warranty; not even for MERCHANTABILITY or FITNESS FOR A PARTICULAR PURPOSE.

configure:2764: $? = 0
configure:2766: g++ -v </dev/null >&5
Using built-in specs.
COLLECT_GCC=g++
COLLECT_LTO_WRAPPER=/usr/libexec/gcc/x86_64-redhat-linux/4.8.5/lto-wrapper
Target: x86_64-redhat-linux
Configured with: ../configure --prefix=/usr --mandir=/usr/share/man --infodir=/usr/share/info --with-bugurl=http://bugzilla.redhat.com/bugzilla --enable-bootstrap --enable-shared --enable-threads=posix --enable-checking=release --with-system-zlib --enable-__cxa_atexit --disable-libunwind-exceptions --enable-gnu-unique-object --enable-linker-build-id --with-linker-hash-style=gnu --enable-languages=c,c++,objc,obj-c++,java,fortran,ada,go,lto --enable-plugin --enable-initfini-array --disable-libgcj --with-isl=/builddir/build/BUILD/gcc-4.8.5-20150702/obj-x86_64-redhat-linux/isl-install --with-cloog=/builddir/build/BUILD/gcc-4.8.5-20150702/obj-x86_64-redhat-linux/cloog-install --enable-gnu-indirect-function --with-tune=generic --with-arch_32=x86-64 --build=x86_64-redhat-linux
Thread model: posix
gcc version 4.8.5 20150623 (Red Hat 4.8.5-16) (GCC) 
configure:2769: $? = 0
configure:2771: g++ -V </dev/null >&5
g++: error: unrecognized command line option '-V'
g++: fatal error: no input files
compilation terminated.
configure:2774: $? = 4
configure:2777: checking whether we are using the GNU C++ compiler
configure:2801: g++ -c   conftest.cc >&5
configure:2807: $? = 0
configure:2811: test -z 
			 || test ! -s conftest.err
configure:2814: $? = 0
configure:2817: test -s conftest.o
configure:2820: $? = 0
configure:2833: result: yes
configure:2839: checking whether g++ accepts -g
configure:2860: g++ -c -g  conftest.cc >&5
configure:2866: $? = 0
configure:2870: test -z 
			 || test ! -s conftest.err
configure:2873: $? = 0
configure:2876: test -s conftest.o
configure:2879: $? = 0
configure:2890: result: yes
configure:2932: g++ -c -g -O2  conftest.cc >&5
configure:2938: $? = 0
configure:2942: test -z 
			 || test ! -s conftest.err
configure:2945: $? = 0
configure:2948: test -s conftest.o
configure:2951: $? = 0
configure:2977: g++ -c -g -O2  conftest.cc >&5
conftest.cc: In function 'int main()':
conftest.cc:13:9: error: 'exit' was not declared in this scope
 exit (42);
         ^
configure:2983: $? = 1
configure: failed program was:
| /* confdefs.h.  */
| 
| #define PACKAGE_NAME ""
| #define PACKAGE_TARNAME ""
| #define PACKAGE_VERSION ""
| #define PACKAGE_STRING ""
| #define PACKAGE_BUGREPORT ""
| /* end confdefs.h.  */
| 
| int
| main ()
| {
| exit (42);
|   ;
|   return 0;
| }
configure:2932: g++ -c -g -O2  conftest.cc >&5
conftest.cc:9:40: error: 'void std::exit(int)' should have been declared inside 'std'
 extern "C" void std::exit (int) throw (); using std::exit;
                                        ^
configure:2938: $? = 1
configure: failed program was:
| /* confdefs.h.  */
| 
| #define PACKAGE_NAME ""
| #define PACKAGE_TARNAME ""
| #define PACKAGE_VERSION ""
| #define PACKAGE_STRING ""
| #define PACKAGE_BUGREPORT ""
| /* end confdefs.h.  */
| extern "C" void std::exit (int) throw (); using std::exit;
| #include <stdlib.h>
| int
| main ()
| {
| exit (42);
|   ;
|   return 0;
| }
configure:2932: g++ -c -g -O2  conftest.cc >&5
conftest.cc:9:31: error: 'void std::exit(int)' should have been declared inside 'std'
 extern "C" void std::exit (int); using std::exit;
                               ^
In file included from conftest.cc:10:0:
/usr/include/stdlib.h:542:70: error: declaration of 'void std::exit(int) throw ()' has a different exception specifier
 extern void exit (int __status) __THROW __attribute__ ((__noreturn__));
                                                                      ^
conftest.cc:9:17: error: from previous declaration 'void std::exit(int)'
 extern "C" void std::exit (int); using std::exit;
                 ^
configure:2938: $? = 1
configure: failed program was:
| /* confdefs.h.  */
| 
| #define PACKAGE_NAME ""
| #define PACKAGE_TARNAME ""
| #define PACKAGE_VERSION ""
| #define PACKAGE_STRING ""
| #define PACKAGE_BUGREPORT ""
| /* end confdefs.h.  */
| extern "C" void std::exit (int); using std::exit;
| #include <stdlib.h>
| int
| main ()
| {
| exit (42);
|   ;
|   return 0;
| }
configure:2932: g++ -c -g -O2  conftest.cc >&5
configure:2938: $? = 0
configure:2942: test -z 
			 || test ! -s conftest.err
configure:2945: $? = 0
configure:2948: test -s conftest.o
configure:2951: $? = 0
configure:2977: g++ -c -g -O2  conftest.cc >&5
configure:2983: $? = 0
configure:2987: test -z 
			 || test ! -s conftest.err
configure:2990: $? = 0
configure:2993: test -s conftest.o
configure:2996: $? = 0
configure:3060: checking for ld
configure:3076: found /usr/bin/ld
configure:3086: result: ld
configure:3102: checking for GNU make
configure:3140: result: yes (make)
configure:3159: checking for a BSD-compatible install
configure:3214: result: /usr/bin/install -c
configure:3232: checking whether ln -s works
configure:3236: result: yes
configure:3284: checking for ranlib
configure:3300: found /usr/bin/ranlib
configure:3311: result: ranlib
configure:3327: checking ERTS version
configure:3330: result: 8.0
configure:3337: checking OTP release
configure:3340: result: 19
configure:3344: checking OTP version
configure:3347: result: 19.0
configure:3687: creating ./config.status

## ---------------------- ##
## Running config.status. ##
## ---------------------- ##

This file was extended by config.status, which was
generated by GNU Autoconf 2.59.  Invocation command line was

  CONFIG_FILES    = 
  CONFIG_HEADERS  = 
  CONFIG_LINKS    = 
  CONFIG_COMMANDS = 
  $ ./config.status 

on f642a35b3417

config.status:695: creating Makefile
config.status:695: creating make/output.mk
config.status:695: creating make/emd2exml
configure:4582: configuring in lib
configure:4699: running /bin/sh '/buildroot/otp_src_19.0/lib/configure' --prefix=/usr/local  --cache-file=/dev/null --srcdir=/buildroot/otp_src_19.0/lib
configure:4582: configuring in erts
configure:4699: running /bin/sh '/buildroot/otp_src_19.0/erts/configure' --prefix=/usr/local  --cache-file=/dev/null --srcdir=/buildroot/otp_src_19.0/erts

## ---------------- ##
## Cache variables. ##
## ---------------- ##

ac_cv_build=x86_64-unknown-linux-gnu
ac_cv_build_alias=x86_64-unknown-linux-gnu
ac_cv_c_compiler_gnu=yes
ac_cv_cxx_compiler_gnu=yes
ac_cv_env_AR_set=
ac_cv_env_AR_value=
ac_cv_env_CC_set=
ac_cv_env_CC_value=
ac_cv_env_CFLAGS_set=
ac_cv_env_CFLAGS_value=
ac_cv_env_CFLAG_RUNTIME_LIBRARY_PATH_set=
ac_cv_env_CFLAG_RUNTIME_LIBRARY_PATH_value=
ac_cv_env_CPPFLAGS_set=
ac_cv_env_CPPFLAGS_value=
ac_cv_env_CPP_set=
ac_cv_env_CPP_value=
ac_cv_env_CXXFLAGS_set=
ac_cv_env_CXXFLAGS_value=
ac_cv_env_CXX_set=
ac_cv_env_CXX_value=
ac_cv_env_DED_LDFLAGS_set=
ac_cv_env_DED_LDFLAGS_value=
ac_cv_env_DED_LD_FLAG_RUNTIME_LIBRARY_PATH_set=
ac_cv_env_DED_LD_FLAG_RUNTIME_LIBRARY_PATH_value=
ac_cv_env_DED_LD_set=
ac_cv_env_DED_LD_value=
ac_cv_env_ERL_TOP_set=
ac_cv_env_ERL_TOP_value=
ac_cv_env_GETCONF_set=
ac_cv_env_GETCONF_value=
ac_cv_env_LDFLAGS_set=
ac_cv_env_LDFLAGS_value=
ac_cv_env_LD_set=
ac_cv_env_LD_value=
ac_cv_env_LFS_CFLAGS_set=
ac_cv_env_LFS_CFLAGS_value=
ac_cv_env_LFS_LDFLAGS_set=
ac_cv_env_LFS_LDFLAGS_value=
ac_cv_env_LFS_LIBS_set=
ac_cv_env_LFS_LIBS_value=
ac_cv_env_LIBS_set=
ac_cv_env_LIBS_value=
ac_cv_env_RANLIB_set=
ac_cv_env_RANLIB_value=
ac_cv_env_STATIC_CFLAGS_set=
ac_cv_env_STATIC_CFLAGS_value=
ac_cv_env_build_alias_set=
ac_cv_env_build_alias_value=
ac_cv_env_erl_xcomp_after_morecore_hook_set=
ac_cv_env_erl_xcomp_after_morecore_hook_value=
ac_cv_env_erl_xcomp_bigendian_set=
ac_cv_env_erl_xcomp_bigendian_value=
ac_cv_env_erl_xcomp_clock_gettime_cpu_time_set=
ac_cv_env_erl_xcomp_clock_gettime_cpu_time_value=
ac_cv_env_erl_xcomp_dlsym_brk_wrappers_set=
ac_cv_env_erl_xcomp_dlsym_brk_wrappers_value=
ac_cv_env_erl_xcomp_double_middle_endian_set=
ac_cv_env_erl_xcomp_double_middle_endian_value=
ac_cv_env_erl_xcomp_getaddrinfo_set=
ac_cv_env_erl_xcomp_getaddrinfo_value=
ac_cv_env_erl_xcomp_gethrvtime_procfs_ioctl_set=
ac_cv_env_erl_xcomp_gethrvtime_procfs_ioctl_value=
ac_cv_env_erl_xcomp_isysroot_set=
ac_cv_env_erl_xcomp_isysroot_value=
ac_cv_env_erl_xcomp_kqueue_set=
ac_cv_env_erl_xcomp_kqueue_value=
ac_cv_env_erl_xcomp_linux_nptl_set=
ac_cv_env_erl_xcomp_linux_nptl_value=
ac_cv_env_erl_xcomp_linux_usable_sigaltstack_set=
ac_cv_env_erl_xcomp_linux_usable_sigaltstack_value=
ac_cv_env_erl_xcomp_linux_usable_sigusrx_set=
ac_cv_env_erl_xcomp_linux_usable_sigusrx_value=
ac_cv_env_erl_xcomp_poll_set=
ac_cv_env_erl_xcomp_poll_value=
ac_cv_env_erl_xcomp_putenv_copy_set=
ac_cv_env_erl_xcomp_putenv_copy_value=
ac_cv_env_erl_xcomp_reliable_fpe_set=
ac_cv_env_erl_xcomp_reliable_fpe_value=
ac_cv_env_erl_xcomp_sysroot_set=
ac_cv_env_erl_xcomp_sysroot_value=
ac_cv_env_host_alias_set=
ac_cv_env_host_alias_value=
ac_cv_env_target_alias_set=
ac_cv_env_target_alias_value=
ac_cv_exeext=
ac_cv_host=x86_64-unknown-linux-gnu
ac_cv_host_alias=x86_64-unknown-linux-gnu
ac_cv_objext=o
ac_cv_path_install='/usr/bin/install -c'
ac_cv_prog_ac_ct_CC=gcc
ac_cv_prog_ac_ct_CXX=g++
ac_cv_prog_ac_ct_LD=ld
ac_cv_prog_ac_ct_RANLIB=ranlib
ac_cv_prog_cc_g=yes
ac_cv_prog_cc_stdc=
ac_cv_prog_cxx_g=yes

## ----------------- ##
## Output variables. ##
## ----------------- ##

AR=''
BOOTSTRAP_ONLY='no'
CC='gcc'
CFLAGS='-g -O2'
CFLAG_RUNTIME_LIBRARY_PATH=''
CPP=''
CPPFLAGS=''
CROSS_COMPILING='no'
CXX='g++'
CXXFLAGS='-g -O2'
DED_LD=''
DED_LDFLAGS=''
DED_LD_FLAG_RUNTIME_LIBRARY_PATH=''
DEFAULT_VERBOSITY='0'
DEFS='-DPACKAGE_NAME=\"\" -DPACKAGE_TARNAME=\"\" -DPACKAGE_VERSION=\"\" -DPACKAGE_STRING=\"\" -DPACKAGE_BUGREPORT=\"\" '
ECHO_C=''
ECHO_N='-n'
ECHO_T=''
ERL_TOP='/buildroot/otp_src_19.0'
ERTS_VSN='8.0'
EXEEXT=''
GETCONF=''
INSTALL_DATA='${INSTALL} -m 644'
INSTALL_PROGRAM='${INSTALL}'
INSTALL_SCRIPT='${INSTALL}'
LD='ld'
LDFLAGS=''
LFS_CFLAGS=''
LFS_LDFLAGS=''
LFS_LIBS=''
LIBOBJS=''
LIBS=''
LN_S='ln -s'
LTLIBOBJS=''
MAKE_PROG='make'
NATIVE_LIBS_ENABLED=''
OBJEXT='o'
OTP_REL='19'
OTP_VSN='19.0'
PACKAGE_BUGREPORT=''
PACKAGE_NAME=''
PACKAGE_STRING=''
PACKAGE_TARNAME=''
PACKAGE_VERSION=''
PATH_SEPARATOR=':'
RANLIB='ranlib'
SHELL='/bin/sh'
STATIC_CFLAGS=''
TARGET='x86_64-unknown-linux-gnu'
ac_ct_CC='gcc'
ac_ct_CXX='g++'
ac_ct_LD='ld'
ac_ct_RANLIB='ranlib'
bindir='${exec_prefix}/bin'
build='x86_64-unknown-linux-gnu'
build_alias=''
build_cpu='x86_64'
build_os='linux-gnu'
build_vendor='unknown'
datadir='${prefix}/share'
erl_xcomp_after_morecore_hook=''
erl_xcomp_bigendian=''
erl_xcomp_clock_gettime_cpu_time=''
erl_xcomp_dlsym_brk_wrappers=''
erl_xcomp_double_middle_endian=''
erl_xcomp_getaddrinfo=''
erl_xcomp_gethrvtime_procfs_ioctl=''
erl_xcomp_isysroot=''
erl_xcomp_kqueue=''
erl_xcomp_linux_nptl=''
erl_xcomp_linux_usable_sigaltstack=''
erl_xcomp_linux_usable_sigusrx=''
erl_xcomp_poll=''
erl_xcomp_putenv_copy=''
erl_xcomp_reliable_fpe=''
erl_xcomp_sysroot=''
exec_prefix='${prefix}'
host='x86_64-unknown-linux-gnu'
host_alias=''
host_cpu='x86_64'
host_os='linux-gnu'
host_vendor='unknown'
includedir='${prefix}/include'
infodir='${prefix}/info'
libdir='${exec_prefix}/lib'
libexecdir='${exec_prefix}/libexec'
localstatedir='${prefix}/var'
mandir='${prefix}/man'
oldincludedir='/usr/include'
prefix='/usr/local'
program_transform_name='s,x,x,'
sbindir='${exec_prefix}/sbin'
sharedstatedir='${prefix}/com'
subdirs=' lib erts'
sysconfdir='${prefix}/etc'
target_alias=''

## ----------- ##
## confdefs.h. ##
## ----------- ##

#define PACKAGE_BUGREPORT ""
#define PACKAGE_NAME ""
#define PACKAGE_STRING ""
#define PACKAGE_TARNAME ""
#define PACKAGE_VERSION ""
#endif
#ifdef __cplusplus
extern "C" void exit (int) throw ();

configure: exit 0
